Thu Nov 28 11:36:28 EET 2019
MaxEnt version 3.4.1
Reading file Back_swd.csv
readGrid: max memory 954728448, total allocated 257425408, free 219395320, used 38030088, increment 38030088
Reading samples from Sp_swd.csv
Read samples: max memory 954728448, total allocated 257425408, free 216710936, used 40714472, increment 2684384
Making features
makeFeatures: max memory 954728448, total allocated 257425408, free 204631184, used 52794224, increment 12079752
Command line used:  environmentallayers=Rana/models/maxent/m_27049635/Back_swd.csv samplesfile=Rana/models/maxent/m_27049635/Sp_swd.csv projectionlayers=Rana/models/maxent/m_27049635/Predictions/Pred_swd.csv outputdirectory=Rana/models/maxent/Rana_AllData_RUN1_MAXENT.Phillips_outputs outputformat=logistic redoifexists visible=TRUE linear=TRUE quadratic=TRUE product=TRUE threshold=TRUE hinge=TRUE lq2lqptthreshold=80 l2lqthreshold=10 hingethreshold=15 beta_threshold=-1 beta_categorical=-1 beta_lqp=-1 beta_hinge=-1 betamultiplier=1 defaultprevalence=0.5 autorun nowarnings notooltips noaddsamplestobackground
Command line to repeat: java density.MaxEnt nowarnings noprefixes outputformat=logistic outputdirectory=Rana/models/maxent/Rana_AllData_RUN1_MAXENT.Phillips_outputs projectionlayers=Rana/models/maxent/m_27049635/Predictions/Pred_swd.csv samplesfile=Rana/models/maxent/m_27049635/Sp_swd.csv environmentallayers=Rana/models/maxent/m_27049635/Back_swd.csv nowarnings notooltips noaskoverwrite threshold noaddsamplestobackground autorun
Species: Rana_AllData_RUN1
Layers: bio_03 bio_07 bio_08 bio_10 bio_16 bio_18
Layertypes: Continuous Continuous Continuous Continuous Continuous Continuous
outputformat: logistic
outputdirectory: Rana/models/maxent/Rana_AllData_RUN1_MAXENT.Phillips_outputs
projectionlayers: Rana/models/maxent/m_27049635/Predictions/Pred_swd.csv
samplesfile: Rana/models/maxent/m_27049635/Sp_swd.csv
environmentallayers: Rana/models/maxent/m_27049635/Back_swd.csv
warnings: false
tooltips: false
askoverwrite: false
threshold: true
addsamplestobackground: false
autorun: true

getSamples: max memory 954728448, total allocated 257425408, free 204631184, used 52794224, increment 0
Rana_AllData_RUN1: 
Regularization values: linear/quadratic/product: 0.050, categorical: 0.250, threshold: 1.000, hinge: 0.500
589 samples
Density: max memory 954728448, total allocated 257425408, free 201943264, used 55482144, increment 2687920
linearPredictor: max memory 954728448, total allocated 257425408, free 201943264, used 55482144, increment 0
FeaturedSpace: max memory 954728448, total allocated 257425408, free 201943264, used 55482144, increment 0
Sequential: max memory 954728448, total allocated 257425408, free 201943264, used 55482144, increment 0
Initial loss: 4.804021044733257
Time since start: 1.021
500: time = 0.890000 loss = -658.000791
Resulting gain: 662.8048120066627
Projecting...
Writing file Rana\models\maxent\Rana_AllData_RUN1_MAXENT.Phillips_outputs\Rana_AllData_RUN1.csv
Projecting...
Reading file Pred_swd.csv
readGrid: max memory 954728448, total allocated 454033408, free 371553992, used 82479416, increment 26997272
Writing file Rana\models\maxent\Rana_AllData_RUN1_MAXENT.Phillips_outputs\Rana_AllData_RUN1_Pred_swd.csv
Writing file Rana\models\maxent\Rana_AllData_RUN1_MAXENT.Phillips_outputs\Rana_AllData_RUN1_Pred_swd_clamping.csv
Ending
